<?xml version="1.0" encoding="UTF-8"?>
<!-- Generated by org.testng.reporters.JUnitReportReporter -->
<testsuite hostname="Purnas-MacBook-Pro.local" failures="0" tests="7" name="runner.TestRunner" time="42.487" errors="0" timestamp="2024-07-05T14:52:16 EDT" skipped="0">
  <testcase classname="runner.TestRunner" name="runScenario" time="8.841"/>
  <testcase classname="runner.TestRunner" name="runScenario" time="4.167"/>
  <testcase classname="runner.TestRunner" name="runScenario" time="6.174"/>
  <testcase classname="runner.TestRunner" name="runScenario" time="6.197"/>
  <testcase classname="runner.TestRunner" name="runScenario" time="6.747"/>
  <testcase classname="runner.TestRunner" name="runScenario" time="6.164"/>
  <testcase classname="runner.TestRunner" name="runScenario" time="4.197"/>
</testsuite> <!-- runner.TestRunner -->
